<?xml version="1.0" encoding="UTF-8"?>
<!-- Generated by org.testng.reporters.JUnitReportReporter -->
<testsuite hostname="AndrewProBook" failures="0" tests="1" name="Test.AddRemoveAndBuyProducts" time="2.328" errors="0" timestamp="2023-01-28T11:44:51 CET" skipped="0">
  <testcase classname="Test.AddRemoveAndBuyProducts" name="addRemoveAndBuy" time="2.328"/>
  <system-out/>
</testsuite> <!-- Test.AddRemoveAndBuyProducts -->
