<?xml version="1.0" encoding="UTF-8"?>
<!-- Generated by org.testng.reporters.JUnitReportReporter -->
<testsuite hostname="AndrewProBook" failures="0" tests="1" name="Test.CompleteOrderTest" time="4.868" errors="0" timestamp="2023-01-28T11:44:51 CET" skipped="0">
  <testcase classname="Test.CompleteOrderTest" name="completeOrder" time="4.868"/>
  <system-out/>
</testsuite> <!-- Test.CompleteOrderTest -->
